Analysis & Synthesis report for ProjetoCPU
Tue Dec 10 17:19:06 2019
Quartus II 64-Bit Version 9.1 Build 350 03/24/2010 Service Pack 2 SJ Full Version


---------------------
; Table of Contents ;
---------------------
  1. Legal Notice
  2. Analysis & Synthesis Summary
  3. Analysis & Synthesis Settings
  4. Parallel Compilation
  5. Analysis & Synthesis Source Files Read
  6. Analysis & Synthesis Resource Usage Summary
  7. Analysis & Synthesis Resource Utilization by Entity
  8. User-Specified and Inferred Latches
  9. Registers Removed During Synthesis
 10. Removed Registers Triggering Further Register Optimizations
 11. General Register Statistics
 12. Multiplexer Restructuring Statistics (Restructuring Performed)
 13. Port Connectivity Checks: "ULA:ula"
 14. Analysis & Synthesis Messages



----------------
; Legal Notice ;
----------------
Copyright (C) 1991-2010 Altera Corporation
Your use of Altera Corporation's design tools, logic functions 
and other software and tools, and its AMPP partner logic 
functions, and any output files from any of the foregoing 
(including device programming or simulation files), and any 
associated documentation or information are expressly subject 
to the terms and conditions of the Altera Program License 
Subscription Agreement, Altera MegaCore Function License 
Agreement, or other applicable license agreement, including, 
without limitation, that your use is for the sole purpose of 
programming logic devices manufactured by Altera and sold by 
Altera or its authorized distributors.  Please refer to the 
applicable agreement for further details.



+-------------------------------------------------------------------------------+
; Analysis & Synthesis Summary                                                  ;
+-------------------------------+-----------------------------------------------+
; Analysis & Synthesis Status   ; Successful - Tue Dec 10 17:19:06 2019         ;
; Quartus II 64-Bit Version     ; 9.1 Build 350 03/24/2010 SP 2 SJ Full Version ;
; Revision Name                 ; ProjetoCPU                                    ;
; Top-level Entity Name         ; ProjetoCPU                                    ;
; Family                        ; Stratix II                                    ;
; Logic utilization             ; N/A                                           ;
;     Combinational ALUTs       ; 13                                            ;
;     Dedicated logic registers ; 13                                            ;
; Total registers               ; 13                                            ;
; Total pins                    ; 51                                            ;
; Total virtual pins            ; 0                                             ;
; Total block memory bits       ; 0                                             ;
; DSP block 9-bit elements      ; 0                                             ;
; Total PLLs                    ; 0                                             ;
; Total DLLs                    ; 0                                             ;
+-------------------------------+-----------------------------------------------+


+----------------------------------------------------------------------------------------------------------------------+
; Analysis & Synthesis Settings                                                                                        ;
+----------------------------------------------------------------------------+--------------------+--------------------+
; Option                                                                     ; Setting            ; Default Value      ;
+----------------------------------------------------------------------------+--------------------+--------------------+
; Top-level entity name                                                      ; ProjetoCPU         ; ProjetoCPU         ;
; Family name                                                                ; Stratix II         ; Stratix II         ;
; Use Generated Physical Constraints File                                    ; Off                ;                    ;
; Use smart compilation                                                      ; Off                ; Off                ;
; Enable parallel Assembler and TimeQuest Timing Analyzer during compilation ; On                 ; On                 ;
; Enable compact report table                                                ; Off                ; Off                ;
; Restructure Multiplexers                                                   ; Auto               ; Auto               ;
; Create Debugging Nodes for IP Cores                                        ; Off                ; Off                ;
; Preserve fewer node names                                                  ; On                 ; On                 ;
; Disable OpenCore Plus hardware evaluation                                  ; Off                ; Off                ;
; Verilog Version                                                            ; Verilog_2001       ; Verilog_2001       ;
; VHDL Version                                                               ; VHDL_1993          ; VHDL_1993          ;
; State Machine Processing                                                   ; Auto               ; Auto               ;
; Safe State Machine                                                         ; Off                ; Off                ;
; Extract Verilog State Machines                                             ; On                 ; On                 ;
; Extract VHDL State Machines                                                ; On                 ; On                 ;
; Ignore Verilog initial constructs                                          ; Off                ; Off                ;
; Iteration limit for constant Verilog loops                                 ; 5000               ; 5000               ;
; Iteration limit for non-constant Verilog loops                             ; 250                ; 250                ;
; Add Pass-Through Logic to Inferred RAMs                                    ; On                 ; On                 ;
; Parallel Synthesis                                                         ; On                 ; On                 ;
; DSP Block Balancing                                                        ; Auto               ; Auto               ;
; NOT Gate Push-Back                                                         ; On                 ; On                 ;
; Power-Up Don't Care                                                        ; On                 ; On                 ;
; Remove Redundant Logic Cells                                               ; Off                ; Off                ;
; Remove Duplicate Registers                                                 ; On                 ; On                 ;
; Ignore CARRY Buffers                                                       ; Off                ; Off                ;
; Ignore CASCADE Buffers                                                     ; Off                ; Off                ;
; Ignore GLOBAL Buffers                                                      ; Off                ; Off                ;
; Ignore ROW GLOBAL Buffers                                                  ; Off                ; Off                ;
; Ignore LCELL Buffers                                                       ; Off                ; Off                ;
; Ignore SOFT Buffers                                                        ; On                 ; On                 ;
; Limit AHDL Integers to 32 Bits                                             ; Off                ; Off                ;
; Optimization Technique                                                     ; Balanced           ; Balanced           ;
; Carry Chain Length                                                         ; 70                 ; 70                 ;
; Auto Carry Chains                                                          ; On                 ; On                 ;
; Auto Open-Drain Pins                                                       ; On                 ; On                 ;
; Perform WYSIWYG Primitive Resynthesis                                      ; Off                ; Off                ;
; Auto ROM Replacement                                                       ; On                 ; On                 ;
; Auto RAM Replacement                                                       ; On                 ; On                 ;
; Auto DSP Block Replacement                                                 ; On                 ; On                 ;
; Auto Shift Register Replacement                                            ; Auto               ; Auto               ;
; Auto Clock Enable Replacement                                              ; On                 ; On                 ;
; Strict RAM Replacement                                                     ; Off                ; Off                ;
; Allow Synchronous Control Signals                                          ; On                 ; On                 ;
; Force Use of Synchronous Clear Signals                                     ; Off                ; Off                ;
; Auto RAM Block Balancing                                                   ; On                 ; On                 ;
; Auto RAM to Logic Cell Conversion                                          ; Off                ; Off                ;
; Auto Resource Sharing                                                      ; Off                ; Off                ;
; Allow Any RAM Size For Recognition                                         ; Off                ; Off                ;
; Allow Any ROM Size For Recognition                                         ; Off                ; Off                ;
; Allow Any Shift Register Size For Recognition                              ; Off                ; Off                ;
; Use LogicLock Constraints during Resource Balancing                        ; On                 ; On                 ;
; Ignore translate_off and synthesis_off directives                          ; Off                ; Off                ;
; Timing-Driven Synthesis                                                    ; Off                ; Off                ;
; Show Parameter Settings Tables in Synthesis Report                         ; On                 ; On                 ;
; Ignore Maximum Fan-Out Assignments                                         ; Off                ; Off                ;
; Synchronization Register Chain Length                                      ; 2                  ; 2                  ;
; PowerPlay Power Optimization                                               ; Normal compilation ; Normal compilation ;
; HDL message level                                                          ; Level2             ; Level2             ;
; Suppress Register Optimization Related Messages                            ; Off                ; Off                ;
; Number of Removed Registers Reported in Synthesis Report                   ; 5000               ; 5000               ;
; Number of Inverted Registers Reported in Synthesis Report                  ; 100                ; 100                ;
; Clock MUX Protection                                                       ; On                 ; On                 ;
; Auto Gated Clock Conversion                                                ; Off                ; Off                ;
; Block Design Naming                                                        ; Auto               ; Auto               ;
; SDC constraint protection                                                  ; Off                ; Off                ;
; Synthesis Effort                                                           ; Auto               ; Auto               ;
; Shift Register Replacement - Allow Asynchronous Clear Signal               ; On                 ; On                 ;
; Analysis & Synthesis Message Level                                         ; Medium             ; Medium             ;
; Disable Register Merging Across Hierarchies                                ; Auto               ; Auto               ;
; Resource Aware Inference For Block RAM                                     ; On                 ; On                 ;
+----------------------------------------------------------------------------+--------------------+--------------------+


+------------------------------------------+
; Parallel Compilation                     ;
+----------------------------+-------------+
; Processors                 ; Number      ;
+----------------------------+-------------+
; Number detected on machine ; 4           ;
; Maximum allowed            ; 4           ;
;                            ;             ;
; Average used               ; 1.00        ;
; Maximum used               ; 1           ;
;                            ;             ;
; Usage by Processor         ; % Time Used ;
;     1 processor            ; 100.0%      ;
;     2-4 processors         ;   0.0%      ;
+----------------------------+-------------+


+--------------------------------------------------------------------------------------------------------------------------------+
; Analysis & Synthesis Source Files Read                                                                                         ;
+----------------------------------+-----------------+------------------------+--------------------------------------------------+
; File Name with User-Entered Path ; Used in Netlist ; File Type              ; File Name with Absolute Path                     ;
+----------------------------------+-----------------+------------------------+--------------------------------------------------+
; ProjetoCPU.v                     ; yes             ; User Verilog HDL File  ; E:/Users/jhfs/Documents/ProjetoCPU/ProjetoCPU.v  ;
; Controle.v                       ; yes             ; User Verilog HDL File  ; E:/Users/jhfs/Documents/ProjetoCPU/Controle.v    ;
; Memoria.v                        ; yes             ; User Verilog HDL File  ; E:/Users/jhfs/Documents/ProjetoCPU/Memoria.v     ;
; Registrador.v                    ; yes             ; User Verilog HDL File  ; E:/Users/jhfs/Documents/ProjetoCPU/Registrador.v ;
; ULA.v                            ; yes             ; User Verilog HDL File  ; E:/Users/jhfs/Documents/ProjetoCPU/ULA.v         ;
+----------------------------------+-----------------+------------------------+--------------------------------------------------+


+-------------------------------------------------------+
; Analysis & Synthesis Resource Usage Summary           ;
+-----------------------------------------------+-------+
; Resource                                      ; Usage ;
+-----------------------------------------------+-------+
; Estimated ALUTs Used                          ; 13    ;
; Dedicated logic registers                     ; 13    ;
;                                               ;       ;
; Estimated ALUTs Unavailable                   ; 0     ;
;                                               ;       ;
; Total combinational functions                 ; 13    ;
; Combinational ALUT usage by number of inputs  ;       ;
;     -- 7 input functions                      ; 0     ;
;     -- 6 input functions                      ; 0     ;
;     -- 5 input functions                      ; 0     ;
;     -- 4 input functions                      ; 3     ;
;     -- <=3 input functions                    ; 10    ;
;                                               ;       ;
; Combinational ALUTs by mode                   ;       ;
;     -- normal mode                            ; 13    ;
;     -- extended LUT mode                      ; 0     ;
;     -- arithmetic mode                        ; 0     ;
;     -- shared arithmetic mode                 ; 0     ;
;                                               ;       ;
; Estimated ALUT/register pairs used            ; 14    ;
;                                               ;       ;
; Total registers                               ; 13    ;
;     -- Dedicated logic registers              ; 13    ;
;     -- I/O registers                          ; 0     ;
;                                               ;       ;
; Estimated ALMs:  partially or completely used ; 7     ;
;                                               ;       ;
; I/O pins                                      ; 51    ;
; Maximum fan-out node                          ; clk   ;
; Maximum fan-out                               ; 13    ;
; Total fan-out                                 ; 86    ;
; Average fan-out                               ; 1.12  ;
+-----------------------------------------------+-------+


+---------------------------------------------------------------------------------------------------------------------------------------------------------------------------------------------------------+
; Analysis & Synthesis Resource Utilization by Entity                                                                                                                                                     ;
+----------------------------+-------------------+--------------+-------------------+--------------+---------+-----------+-----------+------+--------------+-------------------------------+--------------+
; Compilation Hierarchy Node ; LC Combinationals ; LC Registers ; Block Memory Bits ; DSP Elements ; DSP 9x9 ; DSP 18x18 ; DSP 36x36 ; Pins ; Virtual Pins ; Full Hierarchy Name           ; Library Name ;
+----------------------------+-------------------+--------------+-------------------+--------------+---------+-----------+-----------+------+--------------+-------------------------------+--------------+
; |ProjetoCPU                ; 13 (0)            ; 13 (0)       ; 0                 ; 0            ; 0       ; 0         ; 0         ; 51   ; 0            ; |ProjetoCPU                   ; work         ;
;    |Controle:controle|     ; 5 (5)             ; 5 (5)        ; 0                 ; 0            ; 0       ; 0         ; 0         ; 0    ; 0            ; |ProjetoCPU|Controle:controle ;              ;
;    |Memoria:memoria|       ; 4 (4)             ; 4 (4)        ; 0                 ; 0            ; 0       ; 0         ; 0         ; 0    ; 0            ; |ProjetoCPU|Memoria:memoria   ; work         ;
;    |Registrador:x|         ; 1 (1)             ; 2 (2)        ; 0                 ; 0            ; 0       ; 0         ; 0         ; 0    ; 0            ; |ProjetoCPU|Registrador:x     ; work         ;
;    |Registrador:y|         ; 1 (1)             ; 1 (1)        ; 0                 ; 0            ; 0       ; 0         ; 0         ; 0    ; 0            ; |ProjetoCPU|Registrador:y     ; work         ;
;    |Registrador:z|         ; 1 (1)             ; 1 (1)        ; 0                 ; 0            ; 0       ; 0         ; 0         ; 0    ; 0            ; |ProjetoCPU|Registrador:z     ; work         ;
;    |ULA:ula|               ; 1 (1)             ; 0 (0)        ; 0                 ; 0            ; 0       ; 0         ; 0         ; 0    ; 0            ; |ProjetoCPU|ULA:ula           ; work         ;
+----------------------------+-------------------+--------------+-------------------+--------------+---------+-----------+-----------+------+--------------+-------------------------------+--------------+
Note: For table entries with two numbers listed, the numbers in parentheses indicate the number of resources of the given type used by the specific entity alone. The numbers listed outside of parentheses indicate the total resources of the given type used by the specific entity and all of its sub-entities in the hierarchy.


+-----------------------------------------------------------------------------------------------------------+
; User-Specified and Inferred Latches                                                                       ;
+----------------------------------------------------+-----------------------------+------------------------+
; Latch Name                                         ; Latch Enable Signal         ; Free of Timing Hazards ;
+----------------------------------------------------+-----------------------------+------------------------+
; ULA:ula|outULA                                     ; Memoria:memoria|operacao[1] ; yes                    ;
; Number of user-specified and inferred latches = 1  ;                             ;                        ;
+----------------------------------------------------+-----------------------------+------------------------+
Note: All latches listed above may not be present at the end of synthesis due to various synthesis optimizations.


+----------------------------------------------------------------------------------+
; Registers Removed During Synthesis                                               ;
+----------------------------------------+-----------------------------------------+
; Register name                          ; Reason for Removal                      ;
+----------------------------------------+-----------------------------------------+
; Memoria:memoria|entrada[0]             ; Stuck at GND due to stuck port data_in  ;
; Memoria:memoria|entrada[2]             ; Stuck at VCC due to stuck port data_in  ;
; Memoria:memoria|entrada[3..4]          ; Stuck at GND due to stuck port data_in  ;
; Memoria:memoria|operacao[3..4]         ; Stuck at GND due to stuck port data_in  ;
; Controle:controle|Tula[1..4]           ; Stuck at GND due to stuck port data_in  ;
; Controle:controle|Tz[2..4]             ; Stuck at GND due to stuck port data_in  ;
; Controle:controle|Ty[2..4]             ; Stuck at GND due to stuck port data_in  ;
; Controle:controle|Tx[2..4]             ; Stuck at GND due to stuck port data_in  ;
; Registrador:y|acumulador[4]            ; Stuck at GND due to stuck port data_in  ;
; Registrador:x|acumulador[4]            ; Stuck at GND due to stuck port data_in  ;
; Registrador:z|acumulador[4]            ; Stuck at GND due to stuck port data_in  ;
; Registrador:y|acumulador[3]            ; Stuck at GND due to stuck port data_in  ;
; Registrador:x|acumulador[3]            ; Stuck at GND due to stuck port data_in  ;
; Registrador:z|acumulador[3]            ; Stuck at GND due to stuck port data_in  ;
; Registrador:y|acumulador[2]            ; Stuck at GND due to stuck port data_in  ;
; Registrador:z|acumulador[2]            ; Stuck at GND due to stuck port data_in  ;
; Registrador:y|acumulador[1]            ; Stuck at GND due to stuck port data_in  ;
; Registrador:z|acumulador[1]            ; Stuck at GND due to stuck port data_in  ;
; Controle:controle|Tula[0]              ; Merged with Memoria:memoria|operacao[1] ;
; Controle:controle|Tx[1]                ; Merged with Controle:controle|Tx[0]     ;
; Registrador:x|acumulador[0]            ; Stuck at GND due to stuck port data_in  ;
; Total Number of Removed Registers = 32 ;                                         ;
+----------------------------------------+-----------------------------------------+


+--------------------------------------------------------------------------------------------------------------------+
; Removed Registers Triggering Further Register Optimizations                                                        ;
+----------------------------+---------------------------+-----------------------------------------------------------+
; Register name              ; Reason for Removal        ; Registers Removed due to This Register                    ;
+----------------------------+---------------------------+-----------------------------------------------------------+
; Controle:controle|Tz[2]    ; Stuck at GND              ; Registrador:z|acumulador[4], Registrador:z|acumulador[3], ;
;                            ; due to stuck port data_in ; Registrador:z|acumulador[2], Registrador:z|acumulador[1]  ;
; Controle:controle|Ty[2]    ; Stuck at GND              ; Registrador:y|acumulador[3], Registrador:y|acumulador[2], ;
;                            ; due to stuck port data_in ; Registrador:y|acumulador[1]                               ;
; Memoria:memoria|entrada[0] ; Stuck at GND              ; Registrador:x|acumulador[0]                               ;
;                            ; due to stuck port data_in ;                                                           ;
; Memoria:memoria|entrada[3] ; Stuck at GND              ; Registrador:x|acumulador[3]                               ;
;                            ; due to stuck port data_in ;                                                           ;
; Memoria:memoria|entrada[4] ; Stuck at GND              ; Registrador:x|acumulador[4]                               ;
;                            ; due to stuck port data_in ;                                                           ;
+----------------------------+---------------------------+-----------------------------------------------------------+


+------------------------------------------------------+
; General Register Statistics                          ;
+----------------------------------------------+-------+
; Statistic                                    ; Value ;
+----------------------------------------------+-------+
; Total registers                              ; 13    ;
; Number of registers using Synchronous Clear  ; 0     ;
; Number of registers using Synchronous Load   ; 0     ;
; Number of registers using Asynchronous Clear ; 0     ;
; Number of registers using Asynchronous Load  ; 0     ;
; Number of registers using Clock Enable       ; 5     ;
; Number of registers using Preset             ; 0     ;
+----------------------------------------------+-------+


+---------------------------------------------------------------------------------------------------------------------------------------------------+
; Multiplexer Restructuring Statistics (Restructuring Performed)                                                                                    ;
+--------------------+-----------+---------------+----------------------+------------------------+------------+-------------------------------------+
; Multiplexer Inputs ; Bus Width ; Baseline Area ; Area if Restructured ; Saving if Restructured ; Registered ; Example Multiplexer Output          ;
+--------------------+-----------+---------------+----------------------+------------------------+------------+-------------------------------------+
; 8:1                ; 6 bits    ; 30 ALUTs      ; 18 ALUTs             ; 12 ALUTs               ; Yes        ; |ProjetoCPU|Controle:controle|Tx[0] ;
+--------------------+-----------+---------------+----------------------+------------------------+------------+-------------------------------------+


+---------------------------------------------------------------------------------------------------------------------------------------------------------------------------------------------------------------+
; Port Connectivity Checks: "ULA:ula"                                                                                                                                                                           ;
+--------+--------+----------+----------------------------------------------------------------------------------------------------------------------------------------------------------------------------------+
; Port   ; Type   ; Severity ; Details                                                                                                                                                                          ;
+--------+--------+----------+----------------------------------------------------------------------------------------------------------------------------------------------------------------------------------+
; Tula   ; Input  ; Warning  ; Input port expression (5 bits) is wider than the input port (1 bits) it drives.  The 4 most-significant bit(s) in the expression will be dangling if they have no other fanouts. ;
; outULA ; Output ; Warning  ; Output or bidir port (1 bits) is smaller than the port expression (5 bits) it drives.  The 4 most-significant bit(s) in the port expression will be connected to GND.            ;
+--------+--------+----------+----------------------------------------------------------------------------------------------------------------------------------------------------------------------------------+


+-------------------------------+
; Analysis & Synthesis Messages ;
+-------------------------------+
Info: *******************************************************************
Info: Running Quartus II 64-Bit Analysis & Synthesis
    Info: Version 9.1 Build 350 03/24/2010 Service Pack 2 SJ Full Version
    Info: Processing started: Tue Dec 10 17:19:05 2019
Info: Command: quartus_map --read_settings_files=on --write_settings_files=off ProjetoCPU -c ProjetoCPU
Info: Parallel compilation is enabled and will use 4 of the 4 processors detected
Info: Found 1 design units, including 1 entities, in source file projetocpu.v
    Info: Found entity 1: ProjetoCPU
Info: Found 1 design units, including 1 entities, in source file controle.v
    Info: Found entity 1: Controle
Info: Found 1 design units, including 1 entities, in source file memoria.v
    Info: Found entity 1: Memoria
Info: Found 1 design units, including 1 entities, in source file registrador.v
    Info: Found entity 1: Registrador
Info: Found 1 design units, including 1 entities, in source file ula.v
    Info: Found entity 1: ULA
Info: Elaborating entity "ProjetoCPU" for the top level hierarchy
Info: Elaborating entity "Controle" for hierarchy "Controle:controle"
Info: Elaborating entity "Memoria" for hierarchy "Memoria:memoria"
Info: Elaborating entity "Registrador" for hierarchy "Registrador:x"
Info: Elaborating entity "ULA" for hierarchy "ULA:ula"
Warning (10230): Verilog HDL assignment warning at ULA.v(13): truncated value with size 5 to match size of target (1)
Warning (10270): Verilog HDL Case Statement warning at ULA.v(10): incomplete case statement has no default case item
Warning (10240): Verilog HDL Always Construct warning at ULA.v(8): inferring latch(es) for variable "outULA", which holds its previous value in one or more paths through the always construct
Info (10041): Inferred latch for "outULA" at ULA.v(8)
Warning: Net is missing source, defaulting to GND
    Warning (12110): Net "outULA[4]" is missing source, defaulting to GND
    Warning (12110): Net "outULA[3]" is missing source, defaulting to GND
    Warning (12110): Net "outULA[2]" is missing source, defaulting to GND
    Warning (12110): Net "outULA[1]" is missing source, defaulting to GND
Warning: Net is missing source, defaulting to GND
    Warning (12110): Net "outULA[4]" is missing source, defaulting to GND
    Warning (12110): Net "outULA[3]" is missing source, defaulting to GND
    Warning (12110): Net "outULA[2]" is missing source, defaulting to GND
    Warning (12110): Net "outULA[1]" is missing source, defaulting to GND
Warning: Net is missing source, defaulting to GND
    Warning (12110): Net "outULA[4]" is missing source, defaulting to GND
    Warning (12110): Net "outULA[3]" is missing source, defaulting to GND
    Warning (12110): Net "outULA[2]" is missing source, defaulting to GND
    Warning (12110): Net "outULA[1]" is missing source, defaulting to GND
Warning: Net is missing source, defaulting to GND
    Warning (12110): Net "outULA[4]" is missing source, defaulting to GND
    Warning (12110): Net "outULA[3]" is missing source, defaulting to GND
    Warning (12110): Net "outULA[2]" is missing source, defaulting to GND
    Warning (12110): Net "outULA[1]" is missing source, defaulting to GND
Warning: 1 hierarchies have connectivity warnings - see the Connectivity Checks report folder
Warning: Output pins are stuck at VCC or GND
    Warning (13410): Pin "Tx[2]" is stuck at GND
    Warning (13410): Pin "Tx[3]" is stuck at GND
    Warning (13410): Pin "Tx[4]" is stuck at GND
    Warning (13410): Pin "Ty[2]" is stuck at GND
    Warning (13410): Pin "Ty[3]" is stuck at GND
    Warning (13410): Pin "Ty[4]" is stuck at GND
    Warning (13410): Pin "Tz[2]" is stuck at GND
    Warning (13410): Pin "Tz[3]" is stuck at GND
    Warning (13410): Pin "Tz[4]" is stuck at GND
    Warning (13410): Pin "Tula[1]" is stuck at GND
    Warning (13410): Pin "Tula[2]" is stuck at GND
    Warning (13410): Pin "Tula[3]" is stuck at GND
    Warning (13410): Pin "Tula[4]" is stuck at GND
    Warning (13410): Pin "outULA[1]" is stuck at GND
    Warning (13410): Pin "outULA[2]" is stuck at GND
    Warning (13410): Pin "outULA[3]" is stuck at GND
    Warning (13410): Pin "outULA[4]" is stuck at GND
    Warning (13410): Pin "outX[0]" is stuck at GND
    Warning (13410): Pin "outX[3]" is stuck at GND
    Warning (13410): Pin "outX[4]" is stuck at GND
    Warning (13410): Pin "outY[1]" is stuck at GND
    Warning (13410): Pin "outY[2]" is stuck at GND
    Warning (13410): Pin "outY[3]" is stuck at GND
    Warning (13410): Pin "outY[4]" is stuck at GND
    Warning (13410): Pin "outZ[1]" is stuck at GND
    Warning (13410): Pin "outZ[2]" is stuck at GND
    Warning (13410): Pin "outZ[3]" is stuck at GND
    Warning (13410): Pin "outZ[4]" is stuck at GND
    Warning (13410): Pin "operacao[3]" is stuck at GND
    Warning (13410): Pin "operacao[4]" is stuck at GND
    Warning (13410): Pin "entrada[0]" is stuck at GND
    Warning (13410): Pin "entrada[2]" is stuck at VCC
    Warning (13410): Pin "entrada[3]" is stuck at GND
    Warning (13410): Pin "entrada[4]" is stuck at GND
Info: Implemented 66 device resources after synthesis - the final resource count might be different
    Info: Implemented 1 input pins
    Info: Implemented 50 output pins
    Info: Implemented 15 logic cells
Info: Quartus II 64-Bit Analysis & Synthesis was successful. 0 errors, 59 warnings
    Info: Peak virtual memory: 4425 megabytes
    Info: Processing ended: Tue Dec 10 17:19:06 2019
    Info: Elapsed time: 00:00:01
    Info: Total CPU time (on all processors): 00:00:01


